2025-02-06 12:31:17.213 [main] INFO  tesstCases.Tc001_CivilWorkCreation2 3 Click on Home link
2025-02-06 12:31:18.809 [main] INFO  tesstCases.Tc001_CivilWorkCreation2 4 Estimation page
2025-02-06 12:32:25.501 [main] INFO  tesstCases.Tc001_CivilWorkCreation2 3 Click on Home link
2025-02-06 12:32:26.720 [main] INFO  tesstCases.Tc001_CivilWorkCreation2 4 Estimation page
2025-02-06 12:33:14.002 [main] INFO  tesstCases.Tc001_CivilWorkCreation2 3 Click on Home link
2025-02-06 12:33:15.232 [main] INFO  tesstCases.Tc001_CivilWorkCreation2 4 Estimation page
2025-02-06 12:33:41.511 [main] INFO  tesstCases.Tc001_CivilWorkCreation2 3 Click on Home link
2025-02-06 12:33:42.444 [main] INFO  tesstCases.Tc001_CivilWorkCreation2 4 Estimation page
2025-02-06 12:34:15.920 [main] INFO  tesstCases.Tc001_CivilWorkCreation2 3 Click on Home link
2025-02-06 12:34:17.270 [main] INFO  tesstCases.Tc001_CivilWorkCreation2 4 Estimation page
2025-02-06 12:35:05.063 [main] INFO  tesstCases.Tc001_CivilWorkCreation2 3 Click on Home link
2025-02-06 12:35:06.047 [main] INFO  tesstCases.Tc001_CivilWorkCreation2 4 Estimation page
2025-02-06 12:35:37.709 [main] INFO  tesstCases.Tc001_CivilWorkCreation2 3 Click on Home link
2025-02-06 12:35:38.926 [main] INFO  tesstCases.Tc001_CivilWorkCreation2 4 Estimation page
2025-02-06 12:36:04.590 [main] INFO  tesstCases.Tc001_CivilWorkCreation2 3 Click on Home link
2025-02-06 12:36:07.507 [main] INFO  tesstCases.Tc001_CivilWorkCreation2 4 Estimation page
2025-02-06 12:36:37.762 [main] INFO  tesstCases.Tc001_CivilWorkCreation2 3 Click on Home link
2025-02-06 12:36:38.648 [main] INFO  tesstCases.Tc001_CivilWorkCreation2 4 Estimation page
2025-02-06 12:37:11.595 [main] INFO  tesstCases.Tc001_CivilWorkCreation2 3 Click on Home link
2025-02-06 12:37:13.384 [main] INFO  tesstCases.Tc001_CivilWorkCreation2 4 Estimation page
2025-02-06 12:37:51.570 [main] INFO  tesstCases.Tc001_CivilWorkCreation2 3 Click on Home link
2025-02-06 12:37:52.859 [main] INFO  tesstCases.Tc001_CivilWorkCreation2 4 Estimation page
2025-02-06 12:38:31.566 [main] INFO  tesstCases.Tc001_CivilWorkCreation2 3 Click on Home link
2025-02-06 12:38:32.595 [main] INFO  tesstCases.Tc001_CivilWorkCreation2 4 Estimation page
2025-02-06 12:39:09.626 [main] INFO  tesstCases.Tc001_CivilWorkCreation2 3 Click on Home link
2025-02-06 12:39:10.644 [main] INFO  tesstCases.Tc001_CivilWorkCreation2 4 Estimation page
2025-02-06 12:39:44.513 [main] INFO  tesstCases.Tc001_CivilWorkCreation2 3 Click on Home link
2025-02-06 12:39:46.695 [main] INFO  tesstCases.Tc001_CivilWorkCreation2 4 Estimation page
2025-02-06 12:40:50.716 [main] INFO  tesstCases.Tc001_CivilWorkCreation2 3 Click on Home link
2025-02-06 12:40:52.044 [main] INFO  tesstCases.Tc001_CivilWorkCreation2 4 Estimation page
2025-02-06 12:41:06.825 [main] INFO  tesstCases.Tc001_CivilWorkCreation2 3 Click on Home link
2025-02-06 12:41:07.710 [main] INFO  tesstCases.Tc001_CivilWorkCreation2 4 Estimation page
2025-02-06 12:42:23.741 [main] INFO  tesstCases.Tc001_CivilWorkCreation2 3 Click on Home link
2025-02-06 12:42:25.173 [main] INFO  tesstCases.Tc001_CivilWorkCreation2 4 Estimation page
2025-02-06 12:43:37.975 [main] INFO  tesstCases.Tc001_CivilWorkCreation2 3 Click on Home link
2025-02-06 12:43:40.756 [main] INFO  tesstCases.Tc001_CivilWorkCreation2 4 Estimation page
2025-02-06 12:44:10.510 [main] INFO  tesstCases.Tc001_CivilWorkCreation2 3 Click on Home link
2025-02-06 12:44:11.370 [main] INFO  tesstCases.Tc001_CivilWorkCreation2 4 Estimation page
2025-02-06 12:44:46.724 [main] INFO  tesstCases.Tc001_CivilWorkCreation2 3 Click on Home link
2025-02-06 12:44:48.137 [main] INFO  tesstCases.Tc001_CivilWorkCreation2 4 Estimation page
2025-02-06 12:45:16.194 [main] INFO  tesstCases.Tc001_CivilWorkCreation2 3 Click on Home link
2025-02-06 12:45:16.960 [main] INFO  tesstCases.Tc001_CivilWorkCreation2 4 Estimation page
2025-02-06 12:45:42.193 [main] INFO  tesstCases.Tc001_CivilWorkCreation2 3 Click on Home link
2025-02-06 12:45:43.615 [main] INFO  tesstCases.Tc001_CivilWorkCreation2 4 Estimation page
2025-02-06 12:47:35.986 [main] INFO  tesstCases.Tc001_CivilWorkCreation2 3 Click on Home link
2025-02-06 12:47:37.126 [main] INFO  tesstCases.Tc001_CivilWorkCreation2 4 Estimation page
2025-02-06 12:47:46.659 [main] INFO  tesstCases.Tc001_CivilWorkCreation2 3 Click on Home link
2025-02-06 12:47:47.988 [main] INFO  tesstCases.Tc001_CivilWorkCreation2 4 Estimation page
2025-02-06 15:35:36.915 [main] DEBUG org.testng.TestNG suiteXmlPath: "C:\Users\91939\git\repository\STAGEMombCivilLogin\src\test\java\tesstCases\Productiontestng2.xml"
2025-02-06 15:35:37.189 [main] INFO  org.testng.internal.Utils [TestNG] Running:
  C:\Users\91939\git\repository\STAGEMombCivilLogin\src\test\java\tesstCases\Productiontestng2.xml

2025-02-06 15:35:47.304 [main] INFO  tesstCases.Tc001_CivilWorkCreation2 *** Chrome Browser open and maximied***
2025-02-06 15:35:57.167 [main] INFO  tesstCases.Tc001_CivilWorkCreation2 1 Strating loginpage
2025-02-06 15:35:58.722 [main] INFO  tesstCases.Tc001_CivilWorkCreation2 2 Click on Home link
2025-02-06 15:36:00.450 [main] DEBUG org.apache.poi.openxml4j.opc.PackageRelationshipCollection Parsing relationship: /xl/_rels/workbook.xml.rels
2025-02-06 15:36:00.461 [main] DEBUG org.apache.poi.openxml4j.opc.PackageRelationshipCollection Parsing relationship: /_rels/.rels
2025-02-06 15:36:02.002 [main] DEBUG org.apache.poi.openxml4j.opc.PackageRelationshipCollection Parsing relationship: /xl/_rels/workbook.xml.rels
2025-02-06 15:36:02.006 [main] DEBUG org.apache.poi.openxml4j.opc.PackageRelationshipCollection Parsing relationship: /_rels/.rels
2025-02-06 15:36:02.114 [main] DEBUG org.apache.poi.openxml4j.opc.PackageRelationshipCollection Parsing relationship: /xl/_rels/workbook.xml.rels
2025-02-06 15:36:02.118 [main] DEBUG org.apache.poi.openxml4j.opc.PackageRelationshipCollection Parsing relationship: /_rels/.rels
2025-02-06 15:36:02.236 [main] DEBUG org.apache.poi.openxml4j.opc.PackageRelationshipCollection Parsing relationship: /xl/_rels/workbook.xml.rels
2025-02-06 15:36:02.236 [main] DEBUG org.apache.poi.openxml4j.opc.PackageRelationshipCollection Parsing relationship: /_rels/.rels
2025-02-06 15:36:02.330 [main] DEBUG org.apache.poi.openxml4j.opc.PackageRelationshipCollection Parsing relationship: /xl/_rels/workbook.xml.rels
2025-02-06 15:36:02.331 [main] DEBUG org.apache.poi.openxml4j.opc.PackageRelationshipCollection Parsing relationship: /_rels/.rels
2025-02-06 15:36:02.421 [main] DEBUG org.apache.poi.openxml4j.opc.PackageRelationshipCollection Parsing relationship: /xl/_rels/workbook.xml.rels
2025-02-06 15:36:02.424 [main] DEBUG org.apache.poi.openxml4j.opc.PackageRelationshipCollection Parsing relationship: /_rels/.rels
2025-02-06 15:36:02.536 [main] DEBUG org.apache.poi.openxml4j.opc.PackageRelationshipCollection Parsing relationship: /xl/_rels/workbook.xml.rels
2025-02-06 15:36:02.538 [main] DEBUG org.apache.poi.openxml4j.opc.PackageRelationshipCollection Parsing relationship: /_rels/.rels
2025-02-06 15:36:02.617 [main] DEBUG org.apache.poi.openxml4j.opc.PackageRelationshipCollection Parsing relationship: /xl/_rels/workbook.xml.rels
2025-02-06 15:36:02.621 [main] DEBUG org.apache.poi.openxml4j.opc.PackageRelationshipCollection Parsing relationship: /_rels/.rels
2025-02-06 15:36:02.688 [main] DEBUG org.apache.poi.openxml4j.opc.PackageRelationshipCollection Parsing relationship: /xl/_rels/workbook.xml.rels
2025-02-06 15:36:02.692 [main] DEBUG org.apache.poi.openxml4j.opc.PackageRelationshipCollection Parsing relationship: /_rels/.rels
2025-02-06 15:36:02.758 [main] DEBUG org.apache.poi.openxml4j.opc.PackageRelationshipCollection Parsing relationship: /xl/_rels/workbook.xml.rels
2025-02-06 15:36:02.760 [main] DEBUG org.apache.poi.openxml4j.opc.PackageRelationshipCollection Parsing relationship: /_rels/.rels
2025-02-06 15:36:02.839 [main] DEBUG org.apache.poi.openxml4j.opc.PackageRelationshipCollection Parsing relationship: /xl/_rels/workbook.xml.rels
2025-02-06 15:36:02.843 [main] DEBUG org.apache.poi.openxml4j.opc.PackageRelationshipCollection Parsing relationship: /_rels/.rels
2025-02-06 15:36:02.903 [main] DEBUG org.apache.poi.openxml4j.opc.PackageRelationshipCollection Parsing relationship: /xl/_rels/workbook.xml.rels
2025-02-06 15:36:02.903 [main] DEBUG org.apache.poi.openxml4j.opc.PackageRelationshipCollection Parsing relationship: /_rels/.rels
2025-02-06 15:36:02.977 [main] DEBUG org.apache.poi.openxml4j.opc.PackageRelationshipCollection Parsing relationship: /xl/_rels/workbook.xml.rels
2025-02-06 15:36:02.980 [main] DEBUG org.apache.poi.openxml4j.opc.PackageRelationshipCollection Parsing relationship: /_rels/.rels
2025-02-06 15:36:03.040 [main] DEBUG org.apache.poi.openxml4j.opc.PackageRelationshipCollection Parsing relationship: /xl/_rels/workbook.xml.rels
2025-02-06 15:36:03.042 [main] DEBUG org.apache.poi.openxml4j.opc.PackageRelationshipCollection Parsing relationship: /_rels/.rels
2025-02-06 15:36:03.109 [main] DEBUG org.apache.poi.openxml4j.opc.PackageRelationshipCollection Parsing relationship: /xl/_rels/workbook.xml.rels
2025-02-06 15:36:03.111 [main] DEBUG org.apache.poi.openxml4j.opc.PackageRelationshipCollection Parsing relationship: /_rels/.rels
2025-02-06 15:36:03.171 [main] DEBUG org.apache.poi.openxml4j.opc.PackageRelationshipCollection Parsing relationship: /xl/_rels/workbook.xml.rels
2025-02-06 15:36:03.173 [main] DEBUG org.apache.poi.openxml4j.opc.PackageRelationshipCollection Parsing relationship: /_rels/.rels
2025-02-06 15:36:03.225 [main] DEBUG org.apache.poi.openxml4j.opc.PackageRelationshipCollection Parsing relationship: /xl/_rels/workbook.xml.rels
2025-02-06 15:36:03.237 [main] DEBUG org.apache.poi.openxml4j.opc.PackageRelationshipCollection Parsing relationship: /_rels/.rels
2025-02-06 15:36:03.284 [main] DEBUG org.apache.poi.openxml4j.opc.PackageRelationshipCollection Parsing relationship: /xl/_rels/workbook.xml.rels
2025-02-06 15:36:03.295 [main] DEBUG org.apache.poi.openxml4j.opc.PackageRelationshipCollection Parsing relationship: /_rels/.rels
2025-02-06 15:36:03.332 [main] DEBUG org.apache.poi.openxml4j.opc.PackageRelationshipCollection Parsing relationship: /xl/_rels/workbook.xml.rels
2025-02-06 15:36:03.348 [main] DEBUG org.apache.poi.openxml4j.opc.PackageRelationshipCollection Parsing relationship: /_rels/.rels
2025-02-06 15:36:03.404 [main] DEBUG org.apache.poi.openxml4j.opc.PackageRelationshipCollection Parsing relationship: /xl/_rels/workbook.xml.rels
2025-02-06 15:36:03.404 [main] DEBUG org.apache.poi.openxml4j.opc.PackageRelationshipCollection Parsing relationship: /_rels/.rels
2025-02-06 15:36:03.460 [main] DEBUG org.apache.poi.openxml4j.opc.PackageRelationshipCollection Parsing relationship: /xl/_rels/workbook.xml.rels
2025-02-06 15:36:03.464 [main] DEBUG org.apache.poi.openxml4j.opc.PackageRelationshipCollection Parsing relationship: /_rels/.rels
2025-02-06 15:36:03.522 [main] DEBUG org.apache.poi.openxml4j.opc.PackageRelationshipCollection Parsing relationship: /xl/_rels/workbook.xml.rels
2025-02-06 15:36:03.526 [main] DEBUG org.apache.poi.openxml4j.opc.PackageRelationshipCollection Parsing relationship: /_rels/.rels
2025-02-06 15:36:03.565 [main] DEBUG org.apache.poi.openxml4j.opc.PackageRelationshipCollection Parsing relationship: /xl/_rels/workbook.xml.rels
2025-02-06 15:36:03.570 [main] DEBUG org.apache.poi.openxml4j.opc.PackageRelationshipCollection Parsing relationship: /_rels/.rels
2025-02-06 15:36:03.618 [main] DEBUG org.apache.poi.openxml4j.opc.PackageRelationshipCollection Parsing relationship: /xl/_rels/workbook.xml.rels
2025-02-06 15:36:03.618 [main] DEBUG org.apache.poi.openxml4j.opc.PackageRelationshipCollection Parsing relationship: /_rels/.rels
2025-02-06 15:36:03.668 [main] DEBUG org.apache.poi.openxml4j.opc.PackageRelationshipCollection Parsing relationship: /xl/_rels/workbook.xml.rels
2025-02-06 15:36:03.674 [main] DEBUG org.apache.poi.openxml4j.opc.PackageRelationshipCollection Parsing relationship: /_rels/.rels
2025-02-06 15:36:03.713 [main] DEBUG org.apache.poi.openxml4j.opc.PackageRelationshipCollection Parsing relationship: /xl/_rels/workbook.xml.rels
2025-02-06 15:36:03.721 [main] DEBUG org.apache.poi.openxml4j.opc.PackageRelationshipCollection Parsing relationship: /_rels/.rels
2025-02-06 15:36:03.765 [main] DEBUG org.apache.poi.openxml4j.opc.PackageRelationshipCollection Parsing relationship: /xl/_rels/workbook.xml.rels
2025-02-06 15:36:03.767 [main] DEBUG org.apache.poi.openxml4j.opc.PackageRelationshipCollection Parsing relationship: /_rels/.rels
2025-02-06 15:36:03.808 [main] DEBUG org.apache.poi.openxml4j.opc.PackageRelationshipCollection Parsing relationship: /xl/_rels/workbook.xml.rels
2025-02-06 15:36:03.810 [main] DEBUG org.apache.poi.openxml4j.opc.PackageRelationshipCollection Parsing relationship: /_rels/.rels
2025-02-06 15:36:03.854 [main] DEBUG org.apache.poi.openxml4j.opc.PackageRelationshipCollection Parsing relationship: /xl/_rels/workbook.xml.rels
2025-02-06 15:36:03.855 [main] DEBUG org.apache.poi.openxml4j.opc.PackageRelationshipCollection Parsing relationship: /_rels/.rels
2025-02-06 15:36:03.900 [main] DEBUG org.apache.poi.openxml4j.opc.PackageRelationshipCollection Parsing relationship: /xl/_rels/workbook.xml.rels
2025-02-06 15:36:03.902 [main] DEBUG org.apache.poi.openxml4j.opc.PackageRelationshipCollection Parsing relationship: /_rels/.rels
2025-02-06 15:36:03.945 [main] DEBUG org.apache.poi.openxml4j.opc.PackageRelationshipCollection Parsing relationship: /xl/_rels/workbook.xml.rels
2025-02-06 15:36:03.945 [main] DEBUG org.apache.poi.openxml4j.opc.PackageRelationshipCollection Parsing relationship: /_rels/.rels
2025-02-06 15:36:03.992 [main] DEBUG org.apache.poi.openxml4j.opc.PackageRelationshipCollection Parsing relationship: /xl/_rels/workbook.xml.rels
2025-02-06 15:36:03.992 [main] DEBUG org.apache.poi.openxml4j.opc.PackageRelationshipCollection Parsing relationship: /_rels/.rels
2025-02-06 15:36:04.032 [main] DEBUG org.apache.poi.openxml4j.opc.PackageRelationshipCollection Parsing relationship: /xl/_rels/workbook.xml.rels
2025-02-06 15:36:04.032 [main] DEBUG org.apache.poi.openxml4j.opc.PackageRelationshipCollection Parsing relationship: /_rels/.rels
2025-02-06 15:36:04.073 [main] DEBUG org.apache.poi.openxml4j.opc.PackageRelationshipCollection Parsing relationship: /xl/_rels/workbook.xml.rels
2025-02-06 15:36:04.079 [main] DEBUG org.apache.poi.openxml4j.opc.PackageRelationshipCollection Parsing relationship: /_rels/.rels
2025-02-06 15:36:04.109 [main] DEBUG org.apache.poi.openxml4j.opc.PackageRelationshipCollection Parsing relationship: /xl/_rels/workbook.xml.rels
2025-02-06 15:36:04.109 [main] DEBUG org.apache.poi.openxml4j.opc.PackageRelationshipCollection Parsing relationship: /_rels/.rels
2025-02-06 15:36:04.148 [main] DEBUG org.apache.poi.openxml4j.opc.PackageRelationshipCollection Parsing relationship: /xl/_rels/workbook.xml.rels
2025-02-06 15:36:04.150 [main] DEBUG org.apache.poi.openxml4j.opc.PackageRelationshipCollection Parsing relationship: /_rels/.rels
2025-02-06 15:36:04.190 [main] DEBUG org.apache.poi.openxml4j.opc.PackageRelationshipCollection Parsing relationship: /xl/_rels/workbook.xml.rels
2025-02-06 15:36:04.192 [main] DEBUG org.apache.poi.openxml4j.opc.PackageRelationshipCollection Parsing relationship: /_rels/.rels
2025-02-06 15:36:04.230 [main] DEBUG org.apache.poi.openxml4j.opc.PackageRelationshipCollection Parsing relationship: /xl/_rels/workbook.xml.rels
2025-02-06 15:36:04.232 [main] DEBUG org.apache.poi.openxml4j.opc.PackageRelationshipCollection Parsing relationship: /_rels/.rels
2025-02-06 15:36:04.274 [main] DEBUG org.apache.poi.openxml4j.opc.PackageRelationshipCollection Parsing relationship: /xl/_rels/workbook.xml.rels
2025-02-06 15:36:04.276 [main] DEBUG org.apache.poi.openxml4j.opc.PackageRelationshipCollection Parsing relationship: /_rels/.rels
2025-02-06 15:36:04.317 [main] DEBUG org.apache.poi.openxml4j.opc.PackageRelationshipCollection Parsing relationship: /xl/_rels/workbook.xml.rels
2025-02-06 15:36:04.317 [main] DEBUG org.apache.poi.openxml4j.opc.PackageRelationshipCollection Parsing relationship: /_rels/.rels
2025-02-06 15:36:04.356 [main] DEBUG org.apache.poi.openxml4j.opc.PackageRelationshipCollection Parsing relationship: /xl/_rels/workbook.xml.rels
2025-02-06 15:36:04.356 [main] DEBUG org.apache.poi.openxml4j.opc.PackageRelationshipCollection Parsing relationship: /_rels/.rels
2025-02-06 15:36:04.391 [main] DEBUG org.apache.poi.openxml4j.opc.PackageRelationshipCollection Parsing relationship: /xl/_rels/workbook.xml.rels
2025-02-06 15:36:04.393 [main] DEBUG org.apache.poi.openxml4j.opc.PackageRelationshipCollection Parsing relationship: /_rels/.rels
2025-02-06 15:36:04.432 [main] DEBUG org.apache.poi.openxml4j.opc.PackageRelationshipCollection Parsing relationship: /xl/_rels/workbook.xml.rels
2025-02-06 15:36:04.434 [main] DEBUG org.apache.poi.openxml4j.opc.PackageRelationshipCollection Parsing relationship: /_rels/.rels
2025-02-06 15:36:04.472 [main] DEBUG org.apache.poi.openxml4j.opc.PackageRelationshipCollection Parsing relationship: /xl/_rels/workbook.xml.rels
2025-02-06 15:36:04.474 [main] DEBUG org.apache.poi.openxml4j.opc.PackageRelationshipCollection Parsing relationship: /_rels/.rels
2025-02-06 15:36:04.504 [main] DEBUG org.apache.poi.openxml4j.opc.PackageRelationshipCollection Parsing relationship: /xl/_rels/workbook.xml.rels
2025-02-06 15:36:04.510 [main] DEBUG org.apache.poi.openxml4j.opc.PackageRelationshipCollection Parsing relationship: /_rels/.rels
2025-02-06 15:36:04.551 [main] DEBUG org.apache.poi.openxml4j.opc.PackageRelationshipCollection Parsing relationship: /xl/_rels/workbook.xml.rels
2025-02-06 15:36:04.551 [main] DEBUG org.apache.poi.openxml4j.opc.PackageRelationshipCollection Parsing relationship: /_rels/.rels
2025-02-06 15:36:04.583 [main] DEBUG org.apache.poi.openxml4j.opc.PackageRelationshipCollection Parsing relationship: /xl/_rels/workbook.xml.rels
2025-02-06 15:36:04.583 [main] DEBUG org.apache.poi.openxml4j.opc.PackageRelationshipCollection Parsing relationship: /_rels/.rels
2025-02-06 15:36:04.634 [main] DEBUG org.apache.poi.openxml4j.opc.PackageRelationshipCollection Parsing relationship: /xl/_rels/workbook.xml.rels
2025-02-06 15:36:04.636 [main] DEBUG org.apache.poi.openxml4j.opc.PackageRelationshipCollection Parsing relationship: /_rels/.rels
2025-02-06 15:36:04.678 [main] DEBUG org.apache.poi.openxml4j.opc.PackageRelationshipCollection Parsing relationship: /xl/_rels/workbook.xml.rels
2025-02-06 15:36:04.678 [main] DEBUG org.apache.poi.openxml4j.opc.PackageRelationshipCollection Parsing relationship: /_rels/.rels
2025-02-06 15:36:04.706 [main] DEBUG org.apache.poi.openxml4j.opc.PackageRelationshipCollection Parsing relationship: /xl/_rels/workbook.xml.rels
2025-02-06 15:36:04.706 [main] DEBUG org.apache.poi.openxml4j.opc.PackageRelationshipCollection Parsing relationship: /_rels/.rels
2025-02-06 15:36:04.734 [main] DEBUG org.apache.poi.openxml4j.opc.PackageRelationshipCollection Parsing relationship: /xl/_rels/workbook.xml.rels
2025-02-06 15:36:04.736 [main] DEBUG org.apache.poi.openxml4j.opc.PackageRelationshipCollection Parsing relationship: /_rels/.rels
2025-02-06 15:36:04.770 [main] DEBUG org.apache.poi.openxml4j.opc.PackageRelationshipCollection Parsing relationship: /xl/_rels/workbook.xml.rels
2025-02-06 15:36:04.770 [main] DEBUG org.apache.poi.openxml4j.opc.PackageRelationshipCollection Parsing relationship: /_rels/.rels
2025-02-06 15:36:04.800 [main] DEBUG org.apache.poi.openxml4j.opc.PackageRelationshipCollection Parsing relationship: /xl/_rels/workbook.xml.rels
2025-02-06 15:36:04.804 [main] DEBUG org.apache.poi.openxml4j.opc.PackageRelationshipCollection Parsing relationship: /_rels/.rels
2025-02-06 15:36:04.842 [main] DEBUG org.apache.poi.openxml4j.opc.PackageRelationshipCollection Parsing relationship: /xl/_rels/workbook.xml.rels
2025-02-06 15:36:04.844 [main] DEBUG org.apache.poi.openxml4j.opc.PackageRelationshipCollection Parsing relationship: /_rels/.rels
2025-02-06 15:36:04.887 [main] DEBUG org.apache.poi.openxml4j.opc.PackageRelationshipCollection Parsing relationship: /xl/_rels/workbook.xml.rels
2025-02-06 15:36:04.887 [main] DEBUG org.apache.poi.openxml4j.opc.PackageRelationshipCollection Parsing relationship: /_rels/.rels
2025-02-06 15:36:04.930 [main] DEBUG org.apache.poi.openxml4j.opc.PackageRelationshipCollection Parsing relationship: /xl/_rels/workbook.xml.rels
2025-02-06 15:36:04.930 [main] DEBUG org.apache.poi.openxml4j.opc.PackageRelationshipCollection Parsing relationship: /_rels/.rels
2025-02-06 15:36:04.967 [main] DEBUG org.apache.poi.openxml4j.opc.PackageRelationshipCollection Parsing relationship: /xl/_rels/workbook.xml.rels
2025-02-06 15:36:04.969 [main] DEBUG org.apache.poi.openxml4j.opc.PackageRelationshipCollection Parsing relationship: /_rels/.rels
2025-02-06 15:36:06.036 [main] INFO  tesstCases.Tc001_CivilWorkCreation2 3 Click on Home link
2025-02-06 15:36:06.753 [main] INFO  tesstCases.Tc001_CivilWorkCreation2 4 Estimation page
2025-02-06 15:36:30.663 [main] INFO  tesstCases.Tc001_CivilWorkCreation2 3 Click on Home link
2025-02-06 15:36:31.482 [main] INFO  tesstCases.Tc001_CivilWorkCreation2 4 Estimation page
2025-02-06 15:36:59.839 [main] INFO  tesstCases.Tc001_CivilWorkCreation2 3 Click on Home link
2025-02-06 15:37:00.861 [main] INFO  tesstCases.Tc001_CivilWorkCreation2 3 Click on Home link
2025-02-06 15:37:01.881 [main] INFO  tesstCases.Tc001_CivilWorkCreation2 3 Click on Home link
2025-02-07 11:11:22.936 [main] DEBUG org.testng.TestNG suiteXmlPath: "C:\Users\91939\git\repository\STAGEMombCivilLogin\src\test\java\tesstCases\Productiontestng2.xml"
2025-02-07 11:11:23.191 [main] INFO  org.testng.internal.Utils [TestNG] Running:
  C:\Users\91939\git\repository\STAGEMombCivilLogin\src\test\java\tesstCases\Productiontestng2.xml

2025-02-07 11:11:34.489 [main] INFO  tesstCases.Tc001_CivilWorkCreation2 *** Chrome Browser open and maximied***
2025-02-07 11:11:44.367 [main] INFO  tesstCases.Tc001_CivilWorkCreation2 1 Strating loginpage
2025-02-07 11:11:45.425 [main] INFO  tesstCases.Tc001_CivilWorkCreation2 2 Click on Home link
2025-02-07 11:11:47.045 [main] DEBUG org.apache.poi.openxml4j.opc.PackageRelationshipCollection Parsing relationship: /xl/_rels/workbook.xml.rels
2025-02-07 11:11:47.053 [main] DEBUG org.apache.poi.openxml4j.opc.PackageRelationshipCollection Parsing relationship: /_rels/.rels
2025-02-07 11:11:48.625 [main] DEBUG org.apache.poi.openxml4j.opc.PackageRelationshipCollection Parsing relationship: /xl/_rels/workbook.xml.rels
2025-02-07 11:11:48.629 [main] DEBUG org.apache.poi.openxml4j.opc.PackageRelationshipCollection Parsing relationship: /_rels/.rels
2025-02-07 11:11:48.734 [main] DEBUG org.apache.poi.openxml4j.opc.PackageRelationshipCollection Parsing relationship: /xl/_rels/workbook.xml.rels
2025-02-07 11:11:48.736 [main] DEBUG org.apache.poi.openxml4j.opc.PackageRelationshipCollection Parsing relationship: /_rels/.rels
2025-02-07 11:11:48.826 [main] DEBUG org.apache.poi.openxml4j.opc.PackageRelationshipCollection Parsing relationship: /xl/_rels/workbook.xml.rels
2025-02-07 11:11:48.832 [main] DEBUG org.apache.poi.openxml4j.opc.PackageRelationshipCollection Parsing relationship: /_rels/.rels
2025-02-07 11:11:48.924 [main] DEBUG org.apache.poi.openxml4j.opc.PackageRelationshipCollection Parsing relationship: /xl/_rels/workbook.xml.rels
2025-02-07 11:11:48.929 [main] DEBUG org.apache.poi.openxml4j.opc.PackageRelationshipCollection Parsing relationship: /_rels/.rels
2025-02-07 11:11:49.012 [main] DEBUG org.apache.poi.openxml4j.opc.PackageRelationshipCollection Parsing relationship: /xl/_rels/workbook.xml.rels
2025-02-07 11:11:49.014 [main] DEBUG org.apache.poi.openxml4j.opc.PackageRelationshipCollection Parsing relationship: /_rels/.rels
2025-02-07 11:11:49.130 [main] DEBUG org.apache.poi.openxml4j.opc.PackageRelationshipCollection Parsing relationship: /xl/_rels/workbook.xml.rels
2025-02-07 11:11:49.134 [main] DEBUG org.apache.poi.openxml4j.opc.PackageRelationshipCollection Parsing relationship: /_rels/.rels
2025-02-07 11:11:49.204 [main] DEBUG org.apache.poi.openxml4j.opc.PackageRelationshipCollection Parsing relationship: /xl/_rels/workbook.xml.rels
2025-02-07 11:11:49.204 [main] DEBUG org.apache.poi.openxml4j.opc.PackageRelationshipCollection Parsing relationship: /_rels/.rels
2025-02-07 11:11:49.270 [main] DEBUG org.apache.poi.openxml4j.opc.PackageRelationshipCollection Parsing relationship: /xl/_rels/workbook.xml.rels
2025-02-07 11:11:49.270 [main] DEBUG org.apache.poi.openxml4j.opc.PackageRelationshipCollection Parsing relationship: /_rels/.rels
2025-02-07 11:11:49.332 [main] DEBUG org.apache.poi.openxml4j.opc.PackageRelationshipCollection Parsing relationship: /xl/_rels/workbook.xml.rels
2025-02-07 11:11:49.332 [main] DEBUG org.apache.poi.openxml4j.opc.PackageRelationshipCollection Parsing relationship: /_rels/.rels
2025-02-07 11:11:49.403 [main] DEBUG org.apache.poi.openxml4j.opc.PackageRelationshipCollection Parsing relationship: /xl/_rels/workbook.xml.rels
2025-02-07 11:11:49.407 [main] DEBUG org.apache.poi.openxml4j.opc.PackageRelationshipCollection Parsing relationship: /_rels/.rels
2025-02-07 11:11:49.460 [main] DEBUG org.apache.poi.openxml4j.opc.PackageRelationshipCollection Parsing relationship: /xl/_rels/workbook.xml.rels
2025-02-07 11:11:49.460 [main] DEBUG org.apache.poi.openxml4j.opc.PackageRelationshipCollection Parsing relationship: /_rels/.rels
2025-02-07 11:11:49.508 [main] DEBUG org.apache.poi.openxml4j.opc.PackageRelationshipCollection Parsing relationship: /xl/_rels/workbook.xml.rels
2025-02-07 11:11:49.508 [main] DEBUG org.apache.poi.openxml4j.opc.PackageRelationshipCollection Parsing relationship: /_rels/.rels
2025-02-07 11:11:49.582 [main] DEBUG org.apache.poi.openxml4j.opc.PackageRelationshipCollection Parsing relationship: /xl/_rels/workbook.xml.rels
2025-02-07 11:11:49.586 [main] DEBUG org.apache.poi.openxml4j.opc.PackageRelationshipCollection Parsing relationship: /_rels/.rels
2025-02-07 11:11:49.648 [main] DEBUG org.apache.poi.openxml4j.opc.PackageRelationshipCollection Parsing relationship: /xl/_rels/workbook.xml.rels
2025-02-07 11:11:49.650 [main] DEBUG org.apache.poi.openxml4j.opc.PackageRelationshipCollection Parsing relationship: /_rels/.rels
2025-02-07 11:11:49.708 [main] DEBUG org.apache.poi.openxml4j.opc.PackageRelationshipCollection Parsing relationship: /xl/_rels/workbook.xml.rels
2025-02-07 11:11:49.710 [main] DEBUG org.apache.poi.openxml4j.opc.PackageRelationshipCollection Parsing relationship: /_rels/.rels
2025-02-07 11:11:49.770 [main] DEBUG org.apache.poi.openxml4j.opc.PackageRelationshipCollection Parsing relationship: /xl/_rels/workbook.xml.rels
2025-02-07 11:11:49.772 [main] DEBUG org.apache.poi.openxml4j.opc.PackageRelationshipCollection Parsing relationship: /_rels/.rels
2025-02-07 11:11:49.827 [main] DEBUG org.apache.poi.openxml4j.opc.PackageRelationshipCollection Parsing relationship: /xl/_rels/workbook.xml.rels
2025-02-07 11:11:49.833 [main] DEBUG org.apache.poi.openxml4j.opc.PackageRelationshipCollection Parsing relationship: /_rels/.rels
2025-02-07 11:11:49.891 [main] DEBUG org.apache.poi.openxml4j.opc.PackageRelationshipCollection Parsing relationship: /xl/_rels/workbook.xml.rels
2025-02-07 11:11:49.891 [main] DEBUG org.apache.poi.openxml4j.opc.PackageRelationshipCollection Parsing relationship: /_rels/.rels
2025-02-07 11:11:49.946 [main] DEBUG org.apache.poi.openxml4j.opc.PackageRelationshipCollection Parsing relationship: /xl/_rels/workbook.xml.rels
2025-02-07 11:11:49.946 [main] DEBUG org.apache.poi.openxml4j.opc.PackageRelationshipCollection Parsing relationship: /_rels/.rels
2025-02-07 11:11:50.000 [main] DEBUG org.apache.poi.openxml4j.opc.PackageRelationshipCollection Parsing relationship: /xl/_rels/workbook.xml.rels
2025-02-07 11:11:50.000 [main] DEBUG org.apache.poi.openxml4j.opc.PackageRelationshipCollection Parsing relationship: /_rels/.rels
2025-02-07 11:11:50.056 [main] DEBUG org.apache.poi.openxml4j.opc.PackageRelationshipCollection Parsing relationship: /xl/_rels/workbook.xml.rels
2025-02-07 11:11:50.060 [main] DEBUG org.apache.poi.openxml4j.opc.PackageRelationshipCollection Parsing relationship: /_rels/.rels
2025-02-07 11:11:50.104 [main] DEBUG org.apache.poi.openxml4j.opc.PackageRelationshipCollection Parsing relationship: /xl/_rels/workbook.xml.rels
2025-02-07 11:11:50.104 [main] DEBUG org.apache.poi.openxml4j.opc.PackageRelationshipCollection Parsing relationship: /_rels/.rels
2025-02-07 11:11:50.158 [main] DEBUG org.apache.poi.openxml4j.opc.PackageRelationshipCollection Parsing relationship: /xl/_rels/workbook.xml.rels
2025-02-07 11:11:50.165 [main] DEBUG org.apache.poi.openxml4j.opc.PackageRelationshipCollection Parsing relationship: /_rels/.rels
2025-02-07 11:11:51.232 [main] INFO  tesstCases.Tc001_CivilWorkCreation2 3 Click on Home link
2025-02-07 11:11:51.990 [main] INFO  tesstCases.Tc001_CivilWorkCreation2 4 Estimation page
2025-02-07 11:12:21.561 [main] INFO  tesstCases.Tc001_CivilWorkCreation2 3 Click on Home link
2025-02-07 11:12:22.237 [main] INFO  tesstCases.Tc001_CivilWorkCreation2 4 Estimation page
