2025-02-05 17:46:14.653 [main] DEBUG org.apache.poi.openxml4j.opc.PackageRelationshipCollection Parsing relationship: /_rels/.rels
2025-02-05 17:46:14.680 [main] DEBUG org.apache.poi.openxml4j.opc.PackageRelationshipCollection Parsing relationship: /xl/_rels/workbook.xml.rels
2025-02-05 17:46:14.680 [main] DEBUG org.apache.poi.openxml4j.opc.PackageRelationshipCollection Parsing relationship: /_rels/.rels
2025-02-05 17:46:14.703 [main] DEBUG org.apache.poi.openxml4j.opc.PackageRelationshipCollection Parsing relationship: /xl/_rels/workbook.xml.rels
2025-02-05 17:46:14.703 [main] DEBUG org.apache.poi.openxml4j.opc.PackageRelationshipCollection Parsing relationship: /_rels/.rels
2025-02-05 17:46:14.741 [main] DEBUG org.apache.poi.openxml4j.opc.PackageRelationshipCollection Parsing relationship: /xl/_rels/workbook.xml.rels
2025-02-05 17:46:14.743 [main] DEBUG org.apache.poi.openxml4j.opc.PackageRelationshipCollection Parsing relationship: /_rels/.rels
2025-02-05 17:46:14.761 [main] DEBUG org.apache.poi.openxml4j.opc.PackageRelationshipCollection Parsing relationship: /xl/_rels/workbook.xml.rels
2025-02-05 17:46:14.761 [main] DEBUG org.apache.poi.openxml4j.opc.PackageRelationshipCollection Parsing relationship: /_rels/.rels
2025-02-05 17:46:14.801 [main] DEBUG org.apache.poi.openxml4j.opc.PackageRelationshipCollection Parsing relationship: /xl/_rels/workbook.xml.rels
2025-02-05 17:46:14.803 [main] DEBUG org.apache.poi.openxml4j.opc.PackageRelationshipCollection Parsing relationship: /_rels/.rels
2025-02-05 17:46:14.823 [main] DEBUG org.apache.poi.openxml4j.opc.PackageRelationshipCollection Parsing relationship: /xl/_rels/workbook.xml.rels
2025-02-05 17:46:14.823 [main] DEBUG org.apache.poi.openxml4j.opc.PackageRelationshipCollection Parsing relationship: /_rels/.rels
2025-02-05 17:46:14.841 [main] DEBUG org.apache.poi.openxml4j.opc.PackageRelationshipCollection Parsing relationship: /xl/_rels/workbook.xml.rels
2025-02-05 17:46:14.841 [main] DEBUG org.apache.poi.openxml4j.opc.PackageRelationshipCollection Parsing relationship: /_rels/.rels
2025-02-05 17:46:14.863 [main] DEBUG org.apache.poi.openxml4j.opc.PackageRelationshipCollection Parsing relationship: /xl/_rels/workbook.xml.rels
2025-02-05 17:46:14.875 [main] DEBUG org.apache.poi.openxml4j.opc.PackageRelationshipCollection Parsing relationship: /_rels/.rels
2025-02-05 17:46:14.893 [main] DEBUG org.apache.poi.openxml4j.opc.PackageRelationshipCollection Parsing relationship: /xl/_rels/workbook.xml.rels
2025-02-05 17:46:14.893 [main] DEBUG org.apache.poi.openxml4j.opc.PackageRelationshipCollection Parsing relationship: /_rels/.rels
2025-02-05 17:46:14.912 [main] DEBUG org.apache.poi.openxml4j.opc.PackageRelationshipCollection Parsing relationship: /xl/_rels/workbook.xml.rels
2025-02-05 17:46:14.912 [main] DEBUG org.apache.poi.openxml4j.opc.PackageRelationshipCollection Parsing relationship: /_rels/.rels
2025-02-05 17:46:14.931 [main] DEBUG org.apache.poi.openxml4j.opc.PackageRelationshipCollection Parsing relationship: /xl/_rels/workbook.xml.rels
2025-02-05 17:46:14.931 [main] DEBUG org.apache.poi.openxml4j.opc.PackageRelationshipCollection Parsing relationship: /_rels/.rels
2025-02-05 17:46:14.949 [main] DEBUG org.apache.poi.openxml4j.opc.PackageRelationshipCollection Parsing relationship: /xl/_rels/workbook.xml.rels
2025-02-05 17:46:14.949 [main] DEBUG org.apache.poi.openxml4j.opc.PackageRelationshipCollection Parsing relationship: /_rels/.rels
2025-02-05 17:46:14.966 [main] DEBUG org.apache.poi.openxml4j.opc.PackageRelationshipCollection Parsing relationship: /xl/_rels/workbook.xml.rels
2025-02-05 17:46:14.974 [main] DEBUG org.apache.poi.openxml4j.opc.PackageRelationshipCollection Parsing relationship: /_rels/.rels
2025-02-05 17:46:14.993 [main] DEBUG org.apache.poi.openxml4j.opc.PackageRelationshipCollection Parsing relationship: /xl/_rels/workbook.xml.rels
2025-02-05 17:46:14.993 [main] DEBUG org.apache.poi.openxml4j.opc.PackageRelationshipCollection Parsing relationship: /_rels/.rels
2025-02-05 17:46:15.018 [main] DEBUG org.apache.poi.openxml4j.opc.PackageRelationshipCollection Parsing relationship: /xl/_rels/workbook.xml.rels
2025-02-05 17:46:15.018 [main] DEBUG org.apache.poi.openxml4j.opc.PackageRelationshipCollection Parsing relationship: /_rels/.rels
2025-02-05 17:46:15.044 [main] DEBUG org.apache.poi.openxml4j.opc.PackageRelationshipCollection Parsing relationship: /xl/_rels/workbook.xml.rels
2025-02-05 17:46:15.044 [main] DEBUG org.apache.poi.openxml4j.opc.PackageRelationshipCollection Parsing relationship: /_rels/.rels
2025-02-05 17:46:15.065 [main] DEBUG org.apache.poi.openxml4j.opc.PackageRelationshipCollection Parsing relationship: /xl/_rels/workbook.xml.rels
2025-02-05 17:46:15.065 [main] DEBUG org.apache.poi.openxml4j.opc.PackageRelationshipCollection Parsing relationship: /_rels/.rels
2025-02-05 17:46:15.096 [main] DEBUG org.apache.poi.openxml4j.opc.PackageRelationshipCollection Parsing relationship: /xl/_rels/workbook.xml.rels
2025-02-05 17:46:15.100 [main] DEBUG org.apache.poi.openxml4j.opc.PackageRelationshipCollection Parsing relationship: /_rels/.rels
2025-02-05 17:46:15.112 [main] DEBUG org.apache.poi.openxml4j.opc.PackageRelationshipCollection Parsing relationship: /xl/_rels/workbook.xml.rels
2025-02-05 17:46:15.120 [main] DEBUG org.apache.poi.openxml4j.opc.PackageRelationshipCollection Parsing relationship: /_rels/.rels
2025-02-05 17:46:15.136 [main] DEBUG org.apache.poi.openxml4j.opc.PackageRelationshipCollection Parsing relationship: /xl/_rels/workbook.xml.rels
2025-02-05 17:46:15.136 [main] DEBUG org.apache.poi.openxml4j.opc.PackageRelationshipCollection Parsing relationship: /_rels/.rels
2025-02-05 17:46:15.153 [main] DEBUG org.apache.poi.openxml4j.opc.PackageRelationshipCollection Parsing relationship: /xl/_rels/workbook.xml.rels
2025-02-05 17:46:15.153 [main] DEBUG org.apache.poi.openxml4j.opc.PackageRelationshipCollection Parsing relationship: /_rels/.rels
2025-02-05 17:46:15.181 [main] DEBUG org.apache.poi.openxml4j.opc.PackageRelationshipCollection Parsing relationship: /xl/_rels/workbook.xml.rels
2025-02-05 17:46:15.183 [main] DEBUG org.apache.poi.openxml4j.opc.PackageRelationshipCollection Parsing relationship: /_rels/.rels
2025-02-05 17:46:15.201 [main] DEBUG org.apache.poi.openxml4j.opc.PackageRelationshipCollection Parsing relationship: /xl/_rels/workbook.xml.rels
2025-02-05 17:46:15.201 [main] DEBUG org.apache.poi.openxml4j.opc.PackageRelationshipCollection Parsing relationship: /_rels/.rels
2025-02-05 17:46:15.224 [main] DEBUG org.apache.poi.openxml4j.opc.PackageRelationshipCollection Parsing relationship: /xl/_rels/workbook.xml.rels
2025-02-05 17:46:15.224 [main] DEBUG org.apache.poi.openxml4j.opc.PackageRelationshipCollection Parsing relationship: /_rels/.rels
2025-02-05 17:46:15.246 [main] DEBUG org.apache.poi.openxml4j.opc.PackageRelationshipCollection Parsing relationship: /xl/_rels/workbook.xml.rels
2025-02-05 17:46:15.246 [main] DEBUG org.apache.poi.openxml4j.opc.PackageRelationshipCollection Parsing relationship: /_rels/.rels
2025-02-05 17:46:15.270 [main] DEBUG org.apache.poi.openxml4j.opc.PackageRelationshipCollection Parsing relationship: /xl/_rels/workbook.xml.rels
2025-02-05 17:46:15.270 [main] DEBUG org.apache.poi.openxml4j.opc.PackageRelationshipCollection Parsing relationship: /_rels/.rels
2025-02-05 17:46:15.293 [main] DEBUG org.apache.poi.openxml4j.opc.PackageRelationshipCollection Parsing relationship: /xl/_rels/workbook.xml.rels
2025-02-05 17:46:15.294 [main] DEBUG org.apache.poi.openxml4j.opc.PackageRelationshipCollection Parsing relationship: /_rels/.rels
2025-02-05 17:46:15.311 [main] DEBUG org.apache.poi.openxml4j.opc.PackageRelationshipCollection Parsing relationship: /xl/_rels/workbook.xml.rels
2025-02-05 17:46:15.316 [main] DEBUG org.apache.poi.openxml4j.opc.PackageRelationshipCollection Parsing relationship: /_rels/.rels
2025-02-05 17:46:15.332 [main] DEBUG org.apache.poi.openxml4j.opc.PackageRelationshipCollection Parsing relationship: /xl/_rels/workbook.xml.rels
2025-02-05 17:46:15.332 [main] DEBUG org.apache.poi.openxml4j.opc.PackageRelationshipCollection Parsing relationship: /_rels/.rels
2025-02-05 17:46:15.349 [main] DEBUG org.apache.poi.openxml4j.opc.PackageRelationshipCollection Parsing relationship: /xl/_rels/workbook.xml.rels
2025-02-05 17:46:15.349 [main] DEBUG org.apache.poi.openxml4j.opc.PackageRelationshipCollection Parsing relationship: /_rels/.rels
2025-02-05 17:46:15.374 [main] DEBUG org.apache.poi.openxml4j.opc.PackageRelationshipCollection Parsing relationship: /xl/_rels/workbook.xml.rels
2025-02-05 17:46:15.374 [main] DEBUG org.apache.poi.openxml4j.opc.PackageRelationshipCollection Parsing relationship: /_rels/.rels
2025-02-05 17:46:15.392 [main] DEBUG org.apache.poi.openxml4j.opc.PackageRelationshipCollection Parsing relationship: /xl/_rels/workbook.xml.rels
2025-02-05 17:46:15.392 [main] DEBUG org.apache.poi.openxml4j.opc.PackageRelationshipCollection Parsing relationship: /_rels/.rels
2025-02-05 17:46:15.409 [main] DEBUG org.apache.poi.openxml4j.opc.PackageRelationshipCollection Parsing relationship: /xl/_rels/workbook.xml.rels
2025-02-05 17:46:15.409 [main] DEBUG org.apache.poi.openxml4j.opc.PackageRelationshipCollection Parsing relationship: /_rels/.rels
2025-02-05 17:46:15.425 [main] DEBUG org.apache.poi.openxml4j.opc.PackageRelationshipCollection Parsing relationship: /xl/_rels/workbook.xml.rels
2025-02-05 17:46:15.425 [main] DEBUG org.apache.poi.openxml4j.opc.PackageRelationshipCollection Parsing relationship: /_rels/.rels
2025-02-05 17:46:15.443 [main] DEBUG org.apache.poi.openxml4j.opc.PackageRelationshipCollection Parsing relationship: /xl/_rels/workbook.xml.rels
2025-02-05 17:46:15.443 [main] DEBUG org.apache.poi.openxml4j.opc.PackageRelationshipCollection Parsing relationship: /_rels/.rels
2025-02-05 17:46:15.464 [main] DEBUG org.apache.poi.openxml4j.opc.PackageRelationshipCollection Parsing relationship: /xl/_rels/workbook.xml.rels
2025-02-05 17:46:15.464 [main] DEBUG org.apache.poi.openxml4j.opc.PackageRelationshipCollection Parsing relationship: /_rels/.rels
2025-02-05 17:46:15.484 [main] DEBUG org.apache.poi.openxml4j.opc.PackageRelationshipCollection Parsing relationship: /xl/_rels/workbook.xml.rels
2025-02-05 17:46:15.484 [main] DEBUG org.apache.poi.openxml4j.opc.PackageRelationshipCollection Parsing relationship: /_rels/.rels
2025-02-05 17:46:15.508 [main] DEBUG org.apache.poi.openxml4j.opc.PackageRelationshipCollection Parsing relationship: /xl/_rels/workbook.xml.rels
2025-02-05 17:46:15.508 [main] DEBUG org.apache.poi.openxml4j.opc.PackageRelationshipCollection Parsing relationship: /_rels/.rels
2025-02-05 17:46:15.529 [main] DEBUG org.apache.poi.openxml4j.opc.PackageRelationshipCollection Parsing relationship: /xl/_rels/workbook.xml.rels
2025-02-05 17:46:15.531 [main] DEBUG org.apache.poi.openxml4j.opc.PackageRelationshipCollection Parsing relationship: /_rels/.rels
2025-02-05 17:46:15.550 [main] DEBUG org.apache.poi.openxml4j.opc.PackageRelationshipCollection Parsing relationship: /xl/_rels/workbook.xml.rels
2025-02-05 17:46:15.550 [main] DEBUG org.apache.poi.openxml4j.opc.PackageRelationshipCollection Parsing relationship: /_rels/.rels
2025-02-05 17:46:15.570 [main] DEBUG org.apache.poi.openxml4j.opc.PackageRelationshipCollection Parsing relationship: /xl/_rels/workbook.xml.rels
2025-02-05 17:46:15.570 [main] DEBUG org.apache.poi.openxml4j.opc.PackageRelationshipCollection Parsing relationship: /_rels/.rels
2025-02-05 17:46:15.597 [main] DEBUG org.apache.poi.openxml4j.opc.PackageRelationshipCollection Parsing relationship: /xl/_rels/workbook.xml.rels
2025-02-05 17:46:15.597 [main] DEBUG org.apache.poi.openxml4j.opc.PackageRelationshipCollection Parsing relationship: /_rels/.rels
2025-02-05 17:46:15.627 [main] DEBUG org.apache.poi.openxml4j.opc.PackageRelationshipCollection Parsing relationship: /xl/_rels/workbook.xml.rels
2025-02-05 17:46:15.627 [main] DEBUG org.apache.poi.openxml4j.opc.PackageRelationshipCollection Parsing relationship: /_rels/.rels
2025-02-05 17:46:15.648 [main] DEBUG org.apache.poi.openxml4j.opc.PackageRelationshipCollection Parsing relationship: /xl/_rels/workbook.xml.rels
2025-02-05 17:46:15.648 [main] DEBUG org.apache.poi.openxml4j.opc.PackageRelationshipCollection Parsing relationship: /_rels/.rels
2025-02-05 17:46:15.669 [main] DEBUG org.apache.poi.openxml4j.opc.PackageRelationshipCollection Parsing relationship: /xl/_rels/workbook.xml.rels
2025-02-05 17:46:15.669 [main] DEBUG org.apache.poi.openxml4j.opc.PackageRelationshipCollection Parsing relationship: /_rels/.rels
2025-02-05 17:46:15.688 [main] DEBUG org.apache.poi.openxml4j.opc.PackageRelationshipCollection Parsing relationship: /xl/_rels/workbook.xml.rels
2025-02-05 17:46:15.688 [main] DEBUG org.apache.poi.openxml4j.opc.PackageRelationshipCollection Parsing relationship: /_rels/.rels
2025-02-05 17:46:15.713 [main] DEBUG org.apache.poi.openxml4j.opc.PackageRelationshipCollection Parsing relationship: /xl/_rels/workbook.xml.rels
2025-02-05 17:46:15.713 [main] DEBUG org.apache.poi.openxml4j.opc.PackageRelationshipCollection Parsing relationship: /_rels/.rels
2025-02-05 17:46:16.761 [main] INFO  tesstCases.Tc001_CivilWorkCreation2 3 Click on Home link
2025-02-05 17:46:17.882 [main] INFO  tesstCases.Tc001_CivilWorkCreation2 4 Estimation page
2025-02-05 17:46:48.655 [main] INFO  tesstCases.Tc001_CivilWorkCreation2 3 Click on Home link
2025-02-05 17:46:49.688 [main] INFO  tesstCases.Tc001_CivilWorkCreation2 4 Estimation page
2025-02-05 17:47:22.899 [main] INFO  tesstCases.Tc001_CivilWorkCreation2 3 Click on Home link
2025-02-05 17:47:23.766 [main] INFO  tesstCases.Tc001_CivilWorkCreation2 4 Estimation page
2025-02-05 17:47:52.946 [main] INFO  tesstCases.Tc001_CivilWorkCreation2 3 Click on Home link
2025-02-05 17:47:54.295 [main] INFO  tesstCases.Tc001_CivilWorkCreation2 4 Estimation page
2025-02-05 17:48:26.949 [main] INFO  tesstCases.Tc001_CivilWorkCreation2 3 Click on Home link
2025-02-05 17:48:28.405 [main] INFO  tesstCases.Tc001_CivilWorkCreation2 4 Estimation page
2025-02-05 17:49:02.869 [main] INFO  tesstCases.Tc001_CivilWorkCreation2 3 Click on Home link
2025-02-05 17:49:03.738 [main] INFO  tesstCases.Tc001_CivilWorkCreation2 4 Estimation page
2025-02-05 17:49:29.167 [main] INFO  tesstCases.Tc001_CivilWorkCreation2 3 Click on Home link
2025-02-05 17:49:30.007 [main] INFO  tesstCases.Tc001_CivilWorkCreation2 4 Estimation page
2025-02-05 17:50:06.329 [main] INFO  tesstCases.Tc001_CivilWorkCreation2 3 Click on Home link
2025-02-05 17:50:07.283 [main] INFO  tesstCases.Tc001_CivilWorkCreation2 4 Estimation page
2025-02-05 17:50:41.750 [main] INFO  tesstCases.Tc001_CivilWorkCreation2 3 Click on Home link
2025-02-05 17:50:42.715 [main] INFO  tesstCases.Tc001_CivilWorkCreation2 4 Estimation page
2025-02-05 17:51:06.265 [main] INFO  tesstCases.Tc001_CivilWorkCreation2 3 Click on Home link
2025-02-05 17:51:22.740 [main] INFO  tesstCases.Tc001_CivilWorkCreation2 4 Estimation page
2025-02-05 17:51:52.584 [main] INFO  tesstCases.Tc001_CivilWorkCreation2 3 Click on Home link
2025-02-05 17:51:54.289 [main] INFO  tesstCases.Tc001_CivilWorkCreation2 4 Estimation page
2025-02-05 17:52:24.894 [main] INFO  tesstCases.Tc001_CivilWorkCreation2 3 Click on Home link
2025-02-05 17:52:25.751 [main] INFO  tesstCases.Tc001_CivilWorkCreation2 4 Estimation page
2025-02-05 17:52:49.779 [main] INFO  tesstCases.Tc001_CivilWorkCreation2 3 Click on Home link
2025-02-05 17:52:51.076 [main] INFO  tesstCases.Tc001_CivilWorkCreation2 4 Estimation page
2025-02-05 17:53:15.787 [main] INFO  tesstCases.Tc001_CivilWorkCreation2 3 Click on Home link
2025-02-05 17:53:16.412 [main] INFO  tesstCases.Tc001_CivilWorkCreation2 4 Estimation page
2025-02-05 17:53:24.273 [main] INFO  tesstCases.Tc001_CivilWorkCreation2 3 Click on Home link
2025-02-05 17:53:25.083 [main] INFO  tesstCases.Tc001_CivilWorkCreation2 4 Estimation page
2025-02-05 17:53:48.290 [main] INFO  tesstCases.Tc001_CivilWorkCreation2 3 Click on Home link
2025-02-05 17:53:48.993 [main] INFO  tesstCases.Tc001_CivilWorkCreation2 4 Estimation page
2025-02-05 17:54:12.464 [main] INFO  tesstCases.Tc001_CivilWorkCreation2 3 Click on Home link
2025-02-05 17:54:14.024 [main] INFO  tesstCases.Tc001_CivilWorkCreation2 4 Estimation page
2025-02-05 17:54:40.458 [main] INFO  tesstCases.Tc001_CivilWorkCreation2 3 Click on Home link
2025-02-05 17:54:41.158 [main] INFO  tesstCases.Tc001_CivilWorkCreation2 4 Estimation page
2025-02-05 17:55:07.830 [main] INFO  tesstCases.Tc001_CivilWorkCreation2 3 Click on Home link
2025-02-05 17:55:08.592 [main] INFO  tesstCases.Tc001_CivilWorkCreation2 4 Estimation page
2025-02-05 17:55:31.747 [main] INFO  tesstCases.Tc001_CivilWorkCreation2 3 Click on Home link
2025-02-05 17:55:32.736 [main] INFO  tesstCases.Tc001_CivilWorkCreation2 4 Estimation page
2025-02-05 17:55:40.025 [main] INFO  tesstCases.Tc001_CivilWorkCreation2 3 Click on Home link
2025-02-05 17:55:40.860 [main] INFO  tesstCases.Tc001_CivilWorkCreation2 4 Estimation page
2025-02-05 17:56:04.761 [main] INFO  tesstCases.Tc001_CivilWorkCreation2 3 Click on Home link
2025-02-05 17:56:05.442 [main] INFO  tesstCases.Tc001_CivilWorkCreation2 4 Estimation page
2025-02-05 17:56:28.606 [main] INFO  tesstCases.Tc001_CivilWorkCreation2 3 Click on Home link
2025-02-05 17:56:29.124 [main] INFO  tesstCases.Tc001_CivilWorkCreation2 4 Estimation page
2025-02-05 17:56:36.182 [main] INFO  tesstCases.Tc001_CivilWorkCreation2 3 Click on Home link
2025-02-05 17:56:36.910 [main] INFO  tesstCases.Tc001_CivilWorkCreation2 4 Estimation page
2025-02-05 17:56:59.740 [main] INFO  tesstCases.Tc001_CivilWorkCreation2 3 Click on Home link
2025-02-05 17:57:00.282 [main] INFO  tesstCases.Tc001_CivilWorkCreation2 4 Estimation page
2025-02-05 17:57:23.432 [main] INFO  tesstCases.Tc001_CivilWorkCreation2 3 Click on Home link
2025-02-05 17:57:24.108 [main] INFO  tesstCases.Tc001_CivilWorkCreation2 4 Estimation page
2025-02-05 17:57:54.962 [main] INFO  tesstCases.Tc001_CivilWorkCreation2 3 Click on Home link
2025-02-05 17:57:55.867 [main] INFO  tesstCases.Tc001_CivilWorkCreation2 4 Estimation page
2025-02-05 18:06:14.213 [main] DEBUG org.testng.TestNG suiteXmlPath: "C:\Users\91939\eclipse-workspace\STAGEMombCivilLogin111\src\test\java\tesstCases\Productiontestng2.xml"
2025-02-05 18:06:14.517 [main] INFO  org.testng.internal.Utils [TestNG] Running:
  C:\Users\91939\eclipse-workspace\STAGEMombCivilLogin111\src\test\java\tesstCases\Productiontestng2.xml

2025-02-05 18:06:21.600 [main] INFO  tesstCases.Tc001_CivilWorkCreation2 *** Chrome Browser open and maximied***
2025-02-05 18:06:31.385 [main] INFO  tesstCases.Tc001_CivilWorkCreation2 1 Strating loginpage
2025-02-05 18:06:32.624 [main] INFO  tesstCases.Tc001_CivilWorkCreation2 2 Click on Home link
2025-02-05 18:06:33.657 [main] DEBUG org.apache.poi.openxml4j.opc.PackageRelationshipCollection Parsing relationship: /xl/_rels/workbook.xml.rels
2025-02-05 18:06:33.661 [main] DEBUG org.apache.poi.openxml4j.opc.PackageRelationshipCollection Parsing relationship: /_rels/.rels
2025-02-05 18:06:35.187 [main] DEBUG org.apache.poi.openxml4j.opc.PackageRelationshipCollection Parsing relationship: /xl/_rels/workbook.xml.rels
2025-02-05 18:06:35.189 [main] DEBUG org.apache.poi.openxml4j.opc.PackageRelationshipCollection Parsing relationship: /_rels/.rels
2025-02-05 18:06:35.299 [main] DEBUG org.apache.poi.openxml4j.opc.PackageRelationshipCollection Parsing relationship: /xl/_rels/workbook.xml.rels
2025-02-05 18:06:35.301 [main] DEBUG org.apache.poi.openxml4j.opc.PackageRelationshipCollection Parsing relationship: /_rels/.rels
2025-02-05 18:06:35.426 [main] DEBUG org.apache.poi.openxml4j.opc.PackageRelationshipCollection Parsing relationship: /xl/_rels/workbook.xml.rels
2025-02-05 18:06:35.430 [main] DEBUG org.apache.poi.openxml4j.opc.PackageRelationshipCollection Parsing relationship: /_rels/.rels
2025-02-05 18:06:35.524 [main] DEBUG org.apache.poi.openxml4j.opc.PackageRelationshipCollection Parsing relationship: /xl/_rels/workbook.xml.rels
2025-02-05 18:06:35.528 [main] DEBUG org.apache.poi.openxml4j.opc.PackageRelationshipCollection Parsing relationship: /_rels/.rels
2025-02-05 18:06:35.605 [main] DEBUG org.apache.poi.openxml4j.opc.PackageRelationshipCollection Parsing relationship: /xl/_rels/workbook.xml.rels
2025-02-05 18:06:35.609 [main] DEBUG org.apache.poi.openxml4j.opc.PackageRelationshipCollection Parsing relationship: /_rels/.rels
2025-02-05 18:06:35.720 [main] DEBUG org.apache.poi.openxml4j.opc.PackageRelationshipCollection Parsing relationship: /xl/_rels/workbook.xml.rels
2025-02-05 18:06:35.726 [main] DEBUG org.apache.poi.openxml4j.opc.PackageRelationshipCollection Parsing relationship: /_rels/.rels
2025-02-05 18:06:35.798 [main] DEBUG org.apache.poi.openxml4j.opc.PackageRelationshipCollection Parsing relationship: /xl/_rels/workbook.xml.rels
2025-02-05 18:06:35.800 [main] DEBUG org.apache.poi.openxml4j.opc.PackageRelationshipCollection Parsing relationship: /_rels/.rels
2025-02-05 18:06:35.869 [main] DEBUG org.apache.poi.openxml4j.opc.PackageRelationshipCollection Parsing relationship: /xl/_rels/workbook.xml.rels
2025-02-05 18:06:35.872 [main] DEBUG org.apache.poi.openxml4j.opc.PackageRelationshipCollection Parsing relationship: /_rels/.rels
2025-02-05 18:06:35.940 [main] DEBUG org.apache.poi.openxml4j.opc.PackageRelationshipCollection Parsing relationship: /xl/_rels/workbook.xml.rels
2025-02-05 18:06:35.945 [main] DEBUG org.apache.poi.openxml4j.opc.PackageRelationshipCollection Parsing relationship: /_rels/.rels
2025-02-05 18:06:36.010 [main] DEBUG org.apache.poi.openxml4j.opc.PackageRelationshipCollection Parsing relationship: /xl/_rels/workbook.xml.rels
2025-02-05 18:06:36.012 [main] DEBUG org.apache.poi.openxml4j.opc.PackageRelationshipCollection Parsing relationship: /_rels/.rels
2025-02-05 18:06:36.069 [main] DEBUG org.apache.poi.openxml4j.opc.PackageRelationshipCollection Parsing relationship: /xl/_rels/workbook.xml.rels
2025-02-05 18:06:36.070 [main] DEBUG org.apache.poi.openxml4j.opc.PackageRelationshipCollection Parsing relationship: /_rels/.rels
2025-02-05 18:06:36.127 [main] DEBUG org.apache.poi.openxml4j.opc.PackageRelationshipCollection Parsing relationship: /xl/_rels/workbook.xml.rels
2025-02-05 18:06:36.127 [main] DEBUG org.apache.poi.openxml4j.opc.PackageRelationshipCollection Parsing relationship: /_rels/.rels
2025-02-05 18:06:36.198 [main] DEBUG org.apache.poi.openxml4j.opc.PackageRelationshipCollection Parsing relationship: /xl/_rels/workbook.xml.rels
2025-02-05 18:06:36.200 [main] DEBUG org.apache.poi.openxml4j.opc.PackageRelationshipCollection Parsing relationship: /_rels/.rels
2025-02-05 18:06:36.261 [main] DEBUG org.apache.poi.openxml4j.opc.PackageRelationshipCollection Parsing relationship: /xl/_rels/workbook.xml.rels
2025-02-05 18:06:36.264 [main] DEBUG org.apache.poi.openxml4j.opc.PackageRelationshipCollection Parsing relationship: /_rels/.rels
2025-02-05 18:06:36.330 [main] DEBUG org.apache.poi.openxml4j.opc.PackageRelationshipCollection Parsing relationship: /xl/_rels/workbook.xml.rels
2025-02-05 18:06:36.332 [main] DEBUG org.apache.poi.openxml4j.opc.PackageRelationshipCollection Parsing relationship: /_rels/.rels
2025-02-05 18:06:36.395 [main] DEBUG org.apache.poi.openxml4j.opc.PackageRelationshipCollection Parsing relationship: /xl/_rels/workbook.xml.rels
2025-02-05 18:06:36.401 [main] DEBUG org.apache.poi.openxml4j.opc.PackageRelationshipCollection Parsing relationship: /_rels/.rels
2025-02-05 18:06:36.469 [main] DEBUG org.apache.poi.openxml4j.opc.PackageRelationshipCollection Parsing relationship: /xl/_rels/workbook.xml.rels
2025-02-05 18:06:36.469 [main] DEBUG org.apache.poi.openxml4j.opc.PackageRelationshipCollection Parsing relationship: /_rels/.rels
2025-02-05 18:06:36.528 [main] DEBUG org.apache.poi.openxml4j.opc.PackageRelationshipCollection Parsing relationship: /xl/_rels/workbook.xml.rels
2025-02-05 18:06:36.530 [main] DEBUG org.apache.poi.openxml4j.opc.PackageRelationshipCollection Parsing relationship: /_rels/.rels
2025-02-05 18:06:36.581 [main] DEBUG org.apache.poi.openxml4j.opc.PackageRelationshipCollection Parsing relationship: /xl/_rels/workbook.xml.rels
2025-02-05 18:06:36.582 [main] DEBUG org.apache.poi.openxml4j.opc.PackageRelationshipCollection Parsing relationship: /_rels/.rels
2025-02-05 18:06:36.636 [main] DEBUG org.apache.poi.openxml4j.opc.PackageRelationshipCollection Parsing relationship: /xl/_rels/workbook.xml.rels
2025-02-05 18:06:36.638 [main] DEBUG org.apache.poi.openxml4j.opc.PackageRelationshipCollection Parsing relationship: /_rels/.rels
2025-02-05 18:06:36.697 [main] DEBUG org.apache.poi.openxml4j.opc.PackageRelationshipCollection Parsing relationship: /xl/_rels/workbook.xml.rels
2025-02-05 18:06:36.703 [main] DEBUG org.apache.poi.openxml4j.opc.PackageRelationshipCollection Parsing relationship: /_rels/.rels
2025-02-05 18:06:36.756 [main] DEBUG org.apache.poi.openxml4j.opc.PackageRelationshipCollection Parsing relationship: /xl/_rels/workbook.xml.rels
2025-02-05 18:06:36.758 [main] DEBUG org.apache.poi.openxml4j.opc.PackageRelationshipCollection Parsing relationship: /_rels/.rels
2025-02-05 18:06:36.823 [main] DEBUG org.apache.poi.openxml4j.opc.PackageRelationshipCollection Parsing relationship: /xl/_rels/workbook.xml.rels
2025-02-05 18:06:36.825 [main] DEBUG org.apache.poi.openxml4j.opc.PackageRelationshipCollection Parsing relationship: /_rels/.rels
2025-02-05 18:06:36.883 [main] DEBUG org.apache.poi.openxml4j.opc.PackageRelationshipCollection Parsing relationship: /xl/_rels/workbook.xml.rels
2025-02-05 18:06:36.885 [main] DEBUG org.apache.poi.openxml4j.opc.PackageRelationshipCollection Parsing relationship: /_rels/.rels
2025-02-05 18:06:36.924 [main] DEBUG org.apache.poi.openxml4j.opc.PackageRelationshipCollection Parsing relationship: /xl/_rels/workbook.xml.rels
2025-02-05 18:06:36.924 [main] DEBUG org.apache.poi.openxml4j.opc.PackageRelationshipCollection Parsing relationship: /_rels/.rels
2025-02-05 18:06:36.980 [main] DEBUG org.apache.poi.openxml4j.opc.PackageRelationshipCollection Parsing relationship: /xl/_rels/workbook.xml.rels
2025-02-05 18:06:36.982 [main] DEBUG org.apache.poi.openxml4j.opc.PackageRelationshipCollection Parsing relationship: /_rels/.rels
2025-02-05 18:06:37.030 [main] DEBUG org.apache.poi.openxml4j.opc.PackageRelationshipCollection Parsing relationship: /xl/_rels/workbook.xml.rels
2025-02-05 18:06:37.032 [main] DEBUG org.apache.poi.openxml4j.opc.PackageRelationshipCollection Parsing relationship: /_rels/.rels
2025-02-05 18:06:37.077 [main] DEBUG org.apache.poi.openxml4j.opc.PackageRelationshipCollection Parsing relationship: /xl/_rels/workbook.xml.rels
2025-02-05 18:06:37.079 [main] DEBUG org.apache.poi.openxml4j.opc.PackageRelationshipCollection Parsing relationship: /_rels/.rels
2025-02-05 18:06:37.122 [main] DEBUG org.apache.poi.openxml4j.opc.PackageRelationshipCollection Parsing relationship: /xl/_rels/workbook.xml.rels
2025-02-05 18:06:37.122 [main] DEBUG org.apache.poi.openxml4j.opc.PackageRelationshipCollection Parsing relationship: /_rels/.rels
2025-02-05 18:06:37.162 [main] DEBUG org.apache.poi.openxml4j.opc.PackageRelationshipCollection Parsing relationship: /xl/_rels/workbook.xml.rels
2025-02-05 18:06:37.164 [main] DEBUG org.apache.poi.openxml4j.opc.PackageRelationshipCollection Parsing relationship: /_rels/.rels
2025-02-05 18:06:37.203 [main] DEBUG org.apache.poi.openxml4j.opc.PackageRelationshipCollection Parsing relationship: /xl/_rels/workbook.xml.rels
2025-02-05 18:06:37.207 [main] DEBUG org.apache.poi.openxml4j.opc.PackageRelationshipCollection Parsing relationship: /_rels/.rels
2025-02-05 18:06:37.251 [main] DEBUG org.apache.poi.openxml4j.opc.PackageRelationshipCollection Parsing relationship: /xl/_rels/workbook.xml.rels
2025-02-05 18:06:37.253 [main] DEBUG org.apache.poi.openxml4j.opc.PackageRelationshipCollection Parsing relationship: /_rels/.rels
2025-02-05 18:06:37.295 [main] DEBUG org.apache.poi.openxml4j.opc.PackageRelationshipCollection Parsing relationship: /xl/_rels/workbook.xml.rels
2025-02-05 18:06:37.297 [main] DEBUG org.apache.poi.openxml4j.opc.PackageRelationshipCollection Parsing relationship: /_rels/.rels
2025-02-05 18:06:37.337 [main] DEBUG org.apache.poi.openxml4j.opc.PackageRelationshipCollection Parsing relationship: /xl/_rels/workbook.xml.rels
2025-02-05 18:06:37.340 [main] DEBUG org.apache.poi.openxml4j.opc.PackageRelationshipCollection Parsing relationship: /_rels/.rels
2025-02-05 18:06:37.379 [main] DEBUG org.apache.poi.openxml4j.opc.PackageRelationshipCollection Parsing relationship: /xl/_rels/workbook.xml.rels
2025-02-05 18:06:37.387 [main] DEBUG org.apache.poi.openxml4j.opc.PackageRelationshipCollection Parsing relationship: /_rels/.rels
2025-02-05 18:06:37.429 [main] DEBUG org.apache.poi.openxml4j.opc.PackageRelationshipCollection Parsing relationship: /xl/_rels/workbook.xml.rels
2025-02-05 18:06:37.432 [main] DEBUG org.apache.poi.openxml4j.opc.PackageRelationshipCollection Parsing relationship: /_rels/.rels
2025-02-05 18:06:37.473 [main] DEBUG org.apache.poi.openxml4j.opc.PackageRelationshipCollection Parsing relationship: /xl/_rels/workbook.xml.rels
2025-02-05 18:06:37.475 [main] DEBUG org.apache.poi.openxml4j.opc.PackageRelationshipCollection Parsing relationship: /_rels/.rels
2025-02-05 18:06:37.506 [main] DEBUG org.apache.poi.openxml4j.opc.PackageRelationshipCollection Parsing relationship: /xl/_rels/workbook.xml.rels
2025-02-05 18:06:37.506 [main] DEBUG org.apache.poi.openxml4j.opc.PackageRelationshipCollection Parsing relationship: /_rels/.rels
2025-02-05 18:06:37.547 [main] DEBUG org.apache.poi.openxml4j.opc.PackageRelationshipCollection Parsing relationship: /xl/_rels/workbook.xml.rels
2025-02-05 18:06:37.549 [main] DEBUG org.apache.poi.openxml4j.opc.PackageRelationshipCollection Parsing relationship: /_rels/.rels
2025-02-05 18:06:37.586 [main] DEBUG org.apache.poi.openxml4j.opc.PackageRelationshipCollection Parsing relationship: /xl/_rels/workbook.xml.rels
2025-02-05 18:06:37.589 [main] DEBUG org.apache.poi.openxml4j.opc.PackageRelationshipCollection Parsing relationship: /_rels/.rels
2025-02-05 18:06:37.627 [main] DEBUG org.apache.poi.openxml4j.opc.PackageRelationshipCollection Parsing relationship: /xl/_rels/workbook.xml.rels
2025-02-05 18:06:37.629 [main] DEBUG org.apache.poi.openxml4j.opc.PackageRelationshipCollection Parsing relationship: /_rels/.rels
2025-02-05 18:06:37.669 [main] DEBUG org.apache.poi.openxml4j.opc.PackageRelationshipCollection Parsing relationship: /xl/_rels/workbook.xml.rels
2025-02-05 18:06:37.671 [main] DEBUG org.apache.poi.openxml4j.opc.PackageRelationshipCollection Parsing relationship: /_rels/.rels
2025-02-05 18:06:37.713 [main] DEBUG org.apache.poi.openxml4j.opc.PackageRelationshipCollection Parsing relationship: /xl/_rels/workbook.xml.rels
2025-02-05 18:06:37.717 [main] DEBUG org.apache.poi.openxml4j.opc.PackageRelationshipCollection Parsing relationship: /_rels/.rels
2025-02-05 18:06:37.754 [main] DEBUG org.apache.poi.openxml4j.opc.PackageRelationshipCollection Parsing relationship: /xl/_rels/workbook.xml.rels
2025-02-05 18:06:37.757 [main] DEBUG org.apache.poi.openxml4j.opc.PackageRelationshipCollection Parsing relationship: /_rels/.rels
2025-02-05 18:06:37.789 [main] DEBUG org.apache.poi.openxml4j.opc.PackageRelationshipCollection Parsing relationship: /xl/_rels/workbook.xml.rels
2025-02-05 18:06:37.789 [main] DEBUG org.apache.poi.openxml4j.opc.PackageRelationshipCollection Parsing relationship: /_rels/.rels
2025-02-05 18:06:37.822 [main] DEBUG org.apache.poi.openxml4j.opc.PackageRelationshipCollection Parsing relationship: /xl/_rels/workbook.xml.rels
2025-02-05 18:06:37.822 [main] DEBUG org.apache.poi.openxml4j.opc.PackageRelationshipCollection Parsing relationship: /_rels/.rels
2025-02-05 18:06:37.869 [main] DEBUG org.apache.poi.openxml4j.opc.PackageRelationshipCollection Parsing relationship: /xl/_rels/workbook.xml.rels
2025-02-05 18:06:37.871 [main] DEBUG org.apache.poi.openxml4j.opc.PackageRelationshipCollection Parsing relationship: /_rels/.rels
2025-02-05 18:06:37.906 [main] DEBUG org.apache.poi.openxml4j.opc.PackageRelationshipCollection Parsing relationship: /xl/_rels/workbook.xml.rels
2025-02-05 18:06:37.909 [main] DEBUG org.apache.poi.openxml4j.opc.PackageRelationshipCollection Parsing relationship: /_rels/.rels
2025-02-05 18:06:37.936 [main] DEBUG org.apache.poi.openxml4j.opc.PackageRelationshipCollection Parsing relationship: /xl/_rels/workbook.xml.rels
2025-02-05 18:06:37.936 [main] DEBUG org.apache.poi.openxml4j.opc.PackageRelationshipCollection Parsing relationship: /_rels/.rels
2025-02-05 18:06:37.977 [main] DEBUG org.apache.poi.openxml4j.opc.PackageRelationshipCollection Parsing relationship: /xl/_rels/workbook.xml.rels
2025-02-05 18:06:37.977 [main] DEBUG org.apache.poi.openxml4j.opc.PackageRelationshipCollection Parsing relationship: /_rels/.rels
2025-02-05 18:06:38.020 [main] DEBUG org.apache.poi.openxml4j.opc.PackageRelationshipCollection Parsing relationship: /xl/_rels/workbook.xml.rels
2025-02-05 18:06:38.023 [main] DEBUG org.apache.poi.openxml4j.opc.PackageRelationshipCollection Parsing relationship: /_rels/.rels
2025-02-05 18:06:38.059 [main] DEBUG org.apache.poi.openxml4j.opc.PackageRelationshipCollection Parsing relationship: /xl/_rels/workbook.xml.rels
2025-02-05 18:06:38.059 [main] DEBUG org.apache.poi.openxml4j.opc.PackageRelationshipCollection Parsing relationship: /_rels/.rels
2025-02-05 18:06:38.092 [main] DEBUG org.apache.poi.openxml4j.opc.PackageRelationshipCollection Parsing relationship: /xl/_rels/workbook.xml.rels
2025-02-05 18:06:38.100 [main] DEBUG org.apache.poi.openxml4j.opc.PackageRelationshipCollection Parsing relationship: /_rels/.rels
2025-02-05 18:06:38.137 [main] DEBUG org.apache.poi.openxml4j.opc.PackageRelationshipCollection Parsing relationship: /xl/_rels/workbook.xml.rels
2025-02-05 18:06:38.137 [main] DEBUG org.apache.poi.openxml4j.opc.PackageRelationshipCollection Parsing relationship: /_rels/.rels
2025-02-05 18:06:38.174 [main] DEBUG org.apache.poi.openxml4j.opc.PackageRelationshipCollection Parsing relationship: /xl/_rels/workbook.xml.rels
2025-02-05 18:06:38.174 [main] DEBUG org.apache.poi.openxml4j.opc.PackageRelationshipCollection Parsing relationship: /_rels/.rels
2025-02-05 18:06:38.217 [main] DEBUG org.apache.poi.openxml4j.opc.PackageRelationshipCollection Parsing relationship: /xl/_rels/workbook.xml.rels
2025-02-05 18:06:38.217 [main] DEBUG org.apache.poi.openxml4j.opc.PackageRelationshipCollection Parsing relationship: /_rels/.rels
2025-02-05 18:06:38.265 [main] DEBUG org.apache.poi.openxml4j.opc.PackageRelationshipCollection Parsing relationship: /xl/_rels/workbook.xml.rels
2025-02-05 18:06:38.265 [main] DEBUG org.apache.poi.openxml4j.opc.PackageRelationshipCollection Parsing relationship: /_rels/.rels
2025-02-05 18:06:38.313 [main] DEBUG org.apache.poi.openxml4j.opc.PackageRelationshipCollection Parsing relationship: /xl/_rels/workbook.xml.rels
2025-02-05 18:06:38.313 [main] DEBUG org.apache.poi.openxml4j.opc.PackageRelationshipCollection Parsing relationship: /_rels/.rels
2025-02-05 18:06:38.350 [main] DEBUG org.apache.poi.openxml4j.opc.PackageRelationshipCollection Parsing relationship: /xl/_rels/workbook.xml.rels
2025-02-05 18:06:38.350 [main] DEBUG org.apache.poi.openxml4j.opc.PackageRelationshipCollection Parsing relationship: /_rels/.rels
2025-02-05 18:06:38.387 [main] DEBUG org.apache.poi.openxml4j.opc.PackageRelationshipCollection Parsing relationship: /xl/_rels/workbook.xml.rels
2025-02-05 18:06:38.389 [main] DEBUG org.apache.poi.openxml4j.opc.PackageRelationshipCollection Parsing relationship: /_rels/.rels
2025-02-05 18:06:38.426 [main] DEBUG org.apache.poi.openxml4j.opc.PackageRelationshipCollection Parsing relationship: /xl/_rels/workbook.xml.rels
2025-02-05 18:06:38.428 [main] DEBUG org.apache.poi.openxml4j.opc.PackageRelationshipCollection Parsing relationship: /_rels/.rels
2025-02-05 18:06:38.463 [main] DEBUG org.apache.poi.openxml4j.opc.PackageRelationshipCollection Parsing relationship: /xl/_rels/workbook.xml.rels
2025-02-05 18:06:38.466 [main] DEBUG org.apache.poi.openxml4j.opc.PackageRelationshipCollection Parsing relationship: /_rels/.rels
2025-02-05 18:06:38.501 [main] DEBUG org.apache.poi.openxml4j.opc.PackageRelationshipCollection Parsing relationship: /xl/_rels/workbook.xml.rels
2025-02-05 18:06:38.503 [main] DEBUG org.apache.poi.openxml4j.opc.PackageRelationshipCollection Parsing relationship: /_rels/.rels
2025-02-05 18:06:38.536 [main] DEBUG org.apache.poi.openxml4j.opc.PackageRelationshipCollection Parsing relationship: /xl/_rels/workbook.xml.rels
2025-02-05 18:06:38.539 [main] DEBUG org.apache.poi.openxml4j.opc.PackageRelationshipCollection Parsing relationship: /_rels/.rels
2025-02-05 18:06:38.571 [main] DEBUG org.apache.poi.openxml4j.opc.PackageRelationshipCollection Parsing relationship: /xl/_rels/workbook.xml.rels
2025-02-05 18:06:38.575 [main] DEBUG org.apache.poi.openxml4j.opc.PackageRelationshipCollection Parsing relationship: /_rels/.rels
2025-02-05 18:06:38.616 [main] DEBUG org.apache.poi.openxml4j.opc.PackageRelationshipCollection Parsing relationship: /xl/_rels/workbook.xml.rels
2025-02-05 18:06:38.616 [main] DEBUG org.apache.poi.openxml4j.opc.PackageRelationshipCollection Parsing relationship: /_rels/.rels
2025-02-05 18:06:38.651 [main] DEBUG org.apache.poi.openxml4j.opc.PackageRelationshipCollection Parsing relationship: /xl/_rels/workbook.xml.rels
2025-02-05 18:06:38.652 [main] DEBUG org.apache.poi.openxml4j.opc.PackageRelationshipCollection Parsing relationship: /_rels/.rels
2025-02-05 18:06:38.686 [main] DEBUG org.apache.poi.openxml4j.opc.PackageRelationshipCollection Parsing relationship: /xl/_rels/workbook.xml.rels
2025-02-05 18:06:38.686 [main] DEBUG org.apache.poi.openxml4j.opc.PackageRelationshipCollection Parsing relationship: /_rels/.rels
2025-02-05 18:06:38.707 [main] DEBUG org.apache.poi.openxml4j.opc.PackageRelationshipCollection Parsing relationship: /xl/_rels/workbook.xml.rels
2025-02-05 18:06:38.715 [main] DEBUG org.apache.poi.openxml4j.opc.PackageRelationshipCollection Parsing relationship: /_rels/.rels
2025-02-05 18:06:38.751 [main] DEBUG org.apache.poi.openxml4j.opc.PackageRelationshipCollection Parsing relationship: /xl/_rels/workbook.xml.rels
2025-02-05 18:06:38.751 [main] DEBUG org.apache.poi.openxml4j.opc.PackageRelationshipCollection Parsing relationship: /_rels/.rels
2025-02-05 18:06:38.780 [main] DEBUG org.apache.poi.openxml4j.opc.PackageRelationshipCollection Parsing relationship: /xl/_rels/workbook.xml.rels
2025-02-05 18:06:38.781 [main] DEBUG org.apache.poi.openxml4j.opc.PackageRelationshipCollection Parsing relationship: /_rels/.rels
2025-02-05 18:06:38.814 [main] DEBUG org.apache.poi.openxml4j.opc.PackageRelationshipCollection Parsing relationship: /xl/_rels/workbook.xml.rels
2025-02-05 18:06:38.814 [main] DEBUG org.apache.poi.openxml4j.opc.PackageRelationshipCollection Parsing relationship: /_rels/.rels
2025-02-05 18:06:38.846 [main] DEBUG org.apache.poi.openxml4j.opc.PackageRelationshipCollection Parsing relationship: /xl/_rels/workbook.xml.rels
2025-02-05 18:06:38.846 [main] DEBUG org.apache.poi.openxml4j.opc.PackageRelationshipCollection Parsing relationship: /_rels/.rels
2025-02-05 18:06:38.878 [main] DEBUG org.apache.poi.openxml4j.opc.PackageRelationshipCollection Parsing relationship: /xl/_rels/workbook.xml.rels
2025-02-05 18:06:38.878 [main] DEBUG org.apache.poi.openxml4j.opc.PackageRelationshipCollection Parsing relationship: /_rels/.rels
2025-02-05 18:06:38.906 [main] DEBUG org.apache.poi.openxml4j.opc.PackageRelationshipCollection Parsing relationship: /xl/_rels/workbook.xml.rels
2025-02-05 18:06:38.908 [main] DEBUG org.apache.poi.openxml4j.opc.PackageRelationshipCollection Parsing relationship: /_rels/.rels
2025-02-05 18:06:38.934 [main] DEBUG org.apache.poi.openxml4j.opc.PackageRelationshipCollection Parsing relationship: /xl/_rels/workbook.xml.rels
2025-02-05 18:06:38.934 [main] DEBUG org.apache.poi.openxml4j.opc.PackageRelationshipCollection Parsing relationship: /_rels/.rels
2025-02-05 18:06:38.968 [main] DEBUG org.apache.poi.openxml4j.opc.PackageRelationshipCollection Parsing relationship: /xl/_rels/workbook.xml.rels
2025-02-05 18:06:38.971 [main] DEBUG org.apache.poi.openxml4j.opc.PackageRelationshipCollection Parsing relationship: /_rels/.rels
2025-02-05 18:06:39.001 [main] DEBUG org.apache.poi.openxml4j.opc.PackageRelationshipCollection Parsing relationship: /xl/_rels/workbook.xml.rels
2025-02-05 18:06:39.003 [main] DEBUG org.apache.poi.openxml4j.opc.PackageRelationshipCollection Parsing relationship: /_rels/.rels
2025-02-05 18:06:39.032 [main] DEBUG org.apache.poi.openxml4j.opc.PackageRelationshipCollection Parsing relationship: /xl/_rels/workbook.xml.rels
2025-02-05 18:06:39.034 [main] DEBUG org.apache.poi.openxml4j.opc.PackageRelationshipCollection Parsing relationship: /_rels/.rels
2025-02-05 18:06:39.064 [main] DEBUG org.apache.poi.openxml4j.opc.PackageRelationshipCollection Parsing relationship: /xl/_rels/workbook.xml.rels
2025-02-05 18:06:39.064 [main] DEBUG org.apache.poi.openxml4j.opc.PackageRelationshipCollection Parsing relationship: /_rels/.rels
2025-02-05 18:06:39.090 [main] DEBUG org.apache.poi.openxml4j.opc.PackageRelationshipCollection Parsing relationship: /xl/_rels/workbook.xml.rels
2025-02-05 18:06:39.093 [main] DEBUG org.apache.poi.openxml4j.opc.PackageRelationshipCollection Parsing relationship: /_rels/.rels
2025-02-05 18:06:39.124 [main] DEBUG org.apache.poi.openxml4j.opc.PackageRelationshipCollection Parsing relationship: /xl/_rels/workbook.xml.rels
2025-02-05 18:06:39.126 [main] DEBUG org.apache.poi.openxml4j.opc.PackageRelationshipCollection Parsing relationship: /_rels/.rels
2025-02-05 18:06:39.175 [main] DEBUG org.apache.poi.openxml4j.opc.PackageRelationshipCollection Parsing relationship: /xl/_rels/workbook.xml.rels
2025-02-05 18:06:39.177 [main] DEBUG org.apache.poi.openxml4j.opc.PackageRelationshipCollection Parsing relationship: /_rels/.rels
2025-02-05 18:06:39.212 [main] DEBUG org.apache.poi.openxml4j.opc.PackageRelationshipCollection Parsing relationship: /xl/_rels/workbook.xml.rels
2025-02-05 18:06:39.212 [main] DEBUG org.apache.poi.openxml4j.opc.PackageRelationshipCollection Parsing relationship: /_rels/.rels
2025-02-05 18:06:39.252 [main] DEBUG org.apache.poi.openxml4j.opc.PackageRelationshipCollection Parsing relationship: /xl/_rels/workbook.xml.rels
2025-02-05 18:06:39.252 [main] DEBUG org.apache.poi.openxml4j.opc.PackageRelationshipCollection Parsing relationship: /_rels/.rels
2025-02-05 18:06:39.285 [main] DEBUG org.apache.poi.openxml4j.opc.PackageRelationshipCollection Parsing relationship: /xl/_rels/workbook.xml.rels
2025-02-05 18:06:39.288 [main] DEBUG org.apache.poi.openxml4j.opc.PackageRelationshipCollection Parsing relationship: /_rels/.rels
2025-02-05 18:06:39.320 [main] DEBUG org.apache.poi.openxml4j.opc.PackageRelationshipCollection Parsing relationship: /xl/_rels/workbook.xml.rels
2025-02-05 18:06:39.322 [main] DEBUG org.apache.poi.openxml4j.opc.PackageRelationshipCollection Parsing relationship: /_rels/.rels
2025-02-05 18:06:39.355 [main] DEBUG org.apache.poi.openxml4j.opc.PackageRelationshipCollection Parsing relationship: /xl/_rels/workbook.xml.rels
2025-02-05 18:06:39.355 [main] DEBUG org.apache.poi.openxml4j.opc.PackageRelationshipCollection Parsing relationship: /_rels/.rels
2025-02-05 18:06:39.382 [main] DEBUG org.apache.poi.openxml4j.opc.PackageRelationshipCollection Parsing relationship: /xl/_rels/workbook.xml.rels
2025-02-05 18:06:39.388 [main] DEBUG org.apache.poi.openxml4j.opc.PackageRelationshipCollection Parsing relationship: /_rels/.rels
2025-02-05 18:06:39.417 [main] DEBUG org.apache.poi.openxml4j.opc.PackageRelationshipCollection Parsing relationship: /xl/_rels/workbook.xml.rels
2025-02-05 18:06:39.417 [main] DEBUG org.apache.poi.openxml4j.opc.PackageRelationshipCollection Parsing relationship: /_rels/.rels
2025-02-05 18:06:39.447 [main] DEBUG org.apache.poi.openxml4j.opc.PackageRelationshipCollection Parsing relationship: /xl/_rels/workbook.xml.rels
2025-02-05 18:06:39.449 [main] DEBUG org.apache.poi.openxml4j.opc.PackageRelationshipCollection Parsing relationship: /_rels/.rels
2025-02-05 18:06:39.473 [main] DEBUG org.apache.poi.openxml4j.opc.PackageRelationshipCollection Parsing relationship: /xl/_rels/workbook.xml.rels
2025-02-05 18:06:39.477 [main] DEBUG org.apache.poi.openxml4j.opc.PackageRelationshipCollection Parsing relationship: /_rels/.rels
2025-02-05 18:06:39.511 [main] DEBUG org.apache.poi.openxml4j.opc.PackageRelationshipCollection Parsing relationship: /xl/_rels/workbook.xml.rels
2025-02-05 18:06:39.511 [main] DEBUG org.apache.poi.openxml4j.opc.PackageRelationshipCollection Parsing relationship: /_rels/.rels
2025-02-05 18:06:39.536 [main] DEBUG org.apache.poi.openxml4j.opc.PackageRelationshipCollection Parsing relationship: /xl/_rels/workbook.xml.rels
2025-02-05 18:06:39.541 [main] DEBUG org.apache.poi.openxml4j.opc.PackageRelationshipCollection Parsing relationship: /_rels/.rels
2025-02-05 18:06:39.571 [main] DEBUG org.apache.poi.openxml4j.opc.PackageRelationshipCollection Parsing relationship: /xl/_rels/workbook.xml.rels
2025-02-05 18:06:39.571 [main] DEBUG org.apache.poi.openxml4j.opc.PackageRelationshipCollection Parsing relationship: /_rels/.rels
2025-02-05 18:06:39.599 [main] DEBUG org.apache.poi.openxml4j.opc.PackageRelationshipCollection Parsing relationship: /xl/_rels/workbook.xml.rels
2025-02-05 18:06:39.601 [main] DEBUG org.apache.poi.openxml4j.opc.PackageRelationshipCollection Parsing relationship: /_rels/.rels
2025-02-05 18:06:39.624 [main] DEBUG org.apache.poi.openxml4j.opc.PackageRelationshipCollection Parsing relationship: /xl/_rels/workbook.xml.rels
2025-02-05 18:06:39.624 [main] DEBUG org.apache.poi.openxml4j.opc.PackageRelationshipCollection Parsing relationship: /_rels/.rels
2025-02-05 18:06:39.654 [main] DEBUG org.apache.poi.openxml4j.opc.PackageRelationshipCollection Parsing relationship: /xl/_rels/workbook.xml.rels
2025-02-05 18:06:39.657 [main] DEBUG org.apache.poi.openxml4j.opc.PackageRelationshipCollection Parsing relationship: /_rels/.rels
2025-02-05 18:06:39.681 [main] DEBUG org.apache.poi.openxml4j.opc.PackageRelationshipCollection Parsing relationship: /xl/_rels/workbook.xml.rels
2025-02-05 18:06:39.683 [main] DEBUG org.apache.poi.openxml4j.opc.PackageRelationshipCollection Parsing relationship: /_rels/.rels
2025-02-05 18:06:39.714 [main] DEBUG org.apache.poi.openxml4j.opc.PackageRelationshipCollection Parsing relationship: /xl/_rels/workbook.xml.rels
2025-02-05 18:06:39.714 [main] DEBUG org.apache.poi.openxml4j.opc.PackageRelationshipCollection Parsing relationship: /_rels/.rels
2025-02-05 18:06:39.745 [main] DEBUG org.apache.poi.openxml4j.opc.PackageRelationshipCollection Parsing relationship: /xl/_rels/workbook.xml.rels
2025-02-05 18:06:39.747 [main] DEBUG org.apache.poi.openxml4j.opc.PackageRelationshipCollection Parsing relationship: /_rels/.rels
2025-02-05 18:06:39.772 [main] DEBUG org.apache.poi.openxml4j.opc.PackageRelationshipCollection Parsing relationship: /xl/_rels/workbook.xml.rels
2025-02-05 18:06:39.772 [main] DEBUG org.apache.poi.openxml4j.opc.PackageRelationshipCollection Parsing relationship: /_rels/.rels
2025-02-05 18:06:39.809 [main] DEBUG org.apache.poi.openxml4j.opc.PackageRelationshipCollection Parsing relationship: /xl/_rels/workbook.xml.rels
2025-02-05 18:06:39.811 [main] DEBUG org.apache.poi.openxml4j.opc.PackageRelationshipCollection Parsing relationship: /_rels/.rels
2025-02-05 18:06:39.840 [main] DEBUG org.apache.poi.openxml4j.opc.PackageRelationshipCollection Parsing relationship: /xl/_rels/workbook.xml.rels
2025-02-05 18:06:39.840 [main] DEBUG org.apache.poi.openxml4j.opc.PackageRelationshipCollection Parsing relationship: /_rels/.rels
2025-02-05 18:06:39.865 [main] DEBUG org.apache.poi.openxml4j.opc.PackageRelationshipCollection Parsing relationship: /xl/_rels/workbook.xml.rels
2025-02-05 18:06:39.865 [main] DEBUG org.apache.poi.openxml4j.opc.PackageRelationshipCollection Parsing relationship: /_rels/.rels
2025-02-05 18:06:39.893 [main] DEBUG org.apache.poi.openxml4j.opc.PackageRelationshipCollection Parsing relationship: /xl/_rels/workbook.xml.rels
2025-02-05 18:06:39.893 [main] DEBUG org.apache.poi.openxml4j.opc.PackageRelationshipCollection Parsing relationship: /_rels/.rels
2025-02-05 18:06:39.925 [main] DEBUG org.apache.poi.openxml4j.opc.PackageRelationshipCollection Parsing relationship: /xl/_rels/workbook.xml.rels
2025-02-05 18:06:39.925 [main] DEBUG org.apache.poi.openxml4j.opc.PackageRelationshipCollection Parsing relationship: /_rels/.rels
2025-02-05 18:06:39.955 [main] DEBUG org.apache.poi.openxml4j.opc.PackageRelationshipCollection Parsing relationship: /xl/_rels/workbook.xml.rels
2025-02-05 18:06:39.958 [main] DEBUG org.apache.poi.openxml4j.opc.PackageRelationshipCollection Parsing relationship: /_rels/.rels
2025-02-05 18:06:39.984 [main] DEBUG org.apache.poi.openxml4j.opc.PackageRelationshipCollection Parsing relationship: /xl/_rels/workbook.xml.rels
2025-02-05 18:06:39.984 [main] DEBUG org.apache.poi.openxml4j.opc.PackageRelationshipCollection Parsing relationship: /_rels/.rels
2025-02-05 18:06:40.017 [main] DEBUG org.apache.poi.openxml4j.opc.PackageRelationshipCollection Parsing relationship: /xl/_rels/workbook.xml.rels
2025-02-05 18:06:40.019 [main] DEBUG org.apache.poi.openxml4j.opc.PackageRelationshipCollection Parsing relationship: /_rels/.rels
2025-02-05 18:06:40.039 [main] DEBUG org.apache.poi.openxml4j.opc.PackageRelationshipCollection Parsing relationship: /xl/_rels/workbook.xml.rels
